# JRE version: OpenJDK Runtime Environment Temurin-17.0.9+9 (17.0.9+9) (build 17.0.9+9)
# Java VM: OpenJDK 64-Bit Server VM Temurin-17.0.9+9 (17.0.9+9, mixed mode, sharing, tiered, compressed oops, compressed class ptrs, g1 gc, windows-amd64)
GC Precious Log:
 CPUs: 12 total, 12 available
 Memory: 16083M
 Large Page Support: Disabled
 NUMA Support: Disabled
 Compressed Oops: Enabled (Zero based)
 Heap Region Size: 2M
 Heap Min Capacity: 8M
 Heap Initial Capacity: 252M
 Heap Max Capacity: 4022M
 Pre-touch: Disabled
 Parallel Workers: 10
 Concurrent Workers: 3
 Concurrent Refinement Workers: 10
 Periodic GC: Disabled
Heap:
 garbage-first heap   total 104448K, used 59504K [0x0000000704a00000, 0x0000000800000000)
  region size 2048K, 4 young (8192K), 2 survivors (4096K)
 Metaspace       used 31797K, committed 32128K, reserved 1114112K
  class space    used 3663K, committed 3776K, reserved 1048576K
GC Heap History (20 events):
Event: 2.043 GC heap before
{Heap before GC invocations=0 (full 0):
 garbage-first heap   total 258048K, used 22528K [0x0000000704a00000, 0x0000000800000000)
  region size 2048K, 11 young (22528K), 0 survivors (0K)
 Metaspace       used 5548K, committed 5760K, reserved 1114112K
  class space    used 653K, committed 768K, reserved 1048576K
}
Event: 2.051 GC heap after
{Heap after GC invocations=1 (full 0):
 garbage-first heap   total 258048K, used 3847K [0x0000000704a00000, 0x0000000800000000)
  region size 2048K, 2 young (4096K), 2 survivors (4096K)
 Metaspace       used 5548K, committed 5760K, reserved 1114112K
  class space    used 653K, committed 768K, reserved 1048576K
}
Event: 2.738 GC heap before
{Heap before GC invocations=1 (full 0):
 garbage-first heap   total 258048K, used 34567K [0x0000000704a00000, 0x0000000800000000)
  region size 2048K, 17 young (34816K), 2 survivors (4096K)
 Metaspace       used 9879K, committed 9984K, reserved 1114112K
  class space    used 1202K, committed 1280K, reserved 1048576K
}
Event: 2.747 GC heap after
{Heap after GC invocations=2 (full 0):
 garbage-first heap   total 258048K, used 5494K [0x0000000704a00000, 0x0000000800000000)
  region size 2048K, 1 young (2048K), 1 survivors (2048K)
 Metaspace       used 9879K, committed 9984K, reserved 1114112K
  class space    used 1202K, committed 1280K, reserved 1048576K
}
Event: 6.628 GC heap before
{Heap before GC invocations=2 (full 0):
 garbage-first heap   total 258048K, used 157046K [0x0000000704a00000, 0x0000000800000000)
  region size 2048K, 75 young (153600K), 1 survivors (2048K)
 Metaspace       used 16933K, committed 17280K, reserved 1114112K
  class space    used 1957K, committed 2112K, reserved 1048576K
}
Event: 6.646 GC heap after
{Heap after GC invocations=3 (full 0):
 garbage-first heap   total 258048K, used 19405K [0x0000000704a00000, 0x0000000800000000)
  region size 2048K, 8 young (16384K), 8 survivors (16384K)
 Metaspace       used 16933K, committed 17280K, reserved 1114112K
  class space    used 1957K, committed 2112K, reserved 1048576K
}
Event: 8.638 GC heap before
{Heap before GC invocations=3 (full 0):
 garbage-first heap   total 258048K, used 60365K [0x0000000704a00000, 0x0000000800000000)
  region size 2048K, 29 young (59392K), 8 survivors (16384K)
 Metaspace       used 21224K, committed 21504K, reserved 1114112K
  class space    used 2410K, committed 2560K, reserved 1048576K
}
Event: 8.655 GC heap after
{Heap after GC invocations=4 (full 0):
 garbage-first heap   total 258048K, used 21950K [0x0000000704a00000, 0x0000000800000000)
  region size 2048K, 2 young (4096K), 2 survivors (4096K)
 Metaspace       used 21224K, committed 21504K, reserved 1114112K
  class space    used 2410K, committed 2560K, reserved 1048576K
}
Event: 11.205 GC heap before
{Heap before GC invocations=5 (full 0):
 garbage-first heap   total 96256K, used 79294K [0x0000000704a00000, 0x0000000800000000)
  region size 2048K, 28 young (57344K), 2 survivors (4096K)
 Metaspace       used 26905K, committed 27200K, reserved 1114112K
  class space    used 3084K, committed 3200K, reserved 1048576K
}
Event: 11.229 GC heap after
{Heap after GC invocations=6 (full 0):
 garbage-first heap   total 104448K, used 45714K [0x0000000704a00000, 0x0000000800000000)
  region size 2048K, 4 young (8192K), 4 survivors (8192K)
 Metaspace       used 26905K, committed 27200K, reserved 1114112K
  class space    used 3084K, committed 3200K, reserved 1048576K
}
Event: 11.286 GC heap before
{Heap before GC invocations=6 (full 0):
 garbage-first heap   total 104448K, used 47762K [0x0000000704a00000, 0x0000000800000000)
  region size 2048K, 5 young (10240K), 4 survivors (8192K)
 Metaspace       used 27095K, committed 27392K, reserved 1114112K
  class space    used 3111K, committed 3264K, reserved 1048576K
}
Event: 11.296 GC heap after
{Heap after GC invocations=7 (full 0):
 garbage-first heap   total 104448K, used 48611K [0x0000000704a00000, 0x0000000800000000)
  region size 2048K, 1 young (2048K), 1 survivors (2048K)
 Metaspace       used 27095K, committed 27392K, reserved 1114112K
  class space    used 3111K, committed 3264K, reserved 1048576K
}
Event: 11.717 GC heap before
{Heap before GC invocations=7 (full 0):
 garbage-first heap   total 104448K, used 77283K [0x0000000704a00000, 0x0000000800000000)
  region size 2048K, 15 young (30720K), 1 survivors (2048K)
 Metaspace       used 28021K, committed 28416K, reserved 1114112K
  class space    used 3232K, committed 3392K, reserved 1048576K
}
Event: 11.729 GC heap after
{Heap after GC invocations=8 (full 0):
 garbage-first heap   total 104448K, used 53248K [0x0000000704a00000, 0x0000000800000000)
  region size 2048K, 2 young (4096K), 2 survivors (4096K)
 Metaspace       used 28021K, committed 28416K, reserved 1114112K
  class space    used 3232K, committed 3392K, reserved 1048576K
}
Event: 11.816 GC heap before
{Heap before GC invocations=9 (full 0):
 garbage-first heap   total 104448K, used 53248K [0x0000000704a00000, 0x0000000800000000)
  region size 2048K, 4 young (8192K), 2 survivors (4096K)
 Metaspace       used 28045K, committed 28416K, reserved 1114112K
  class space    used 3232K, committed 3392K, reserved 1048576K
}
Event: 11.829 GC heap after
{Heap after GC invocations=10 (full 0):
 garbage-first heap   total 104448K, used 52506K [0x0000000704a00000, 0x0000000800000000)
  region size 2048K, 1 young (2048K), 1 survivors (2048K)
 Metaspace       used 28045K, committed 28416K, reserved 1114112K
  class space    used 3232K, committed 3392K, reserved 1048576K
}
Event: 12.792 GC heap before
{Heap before GC invocations=11 (full 0):
 garbage-first heap   total 104448K, used 77082K [0x0000000704a00000, 0x0000000800000000)
  region size 2048K, 12 young (24576K), 1 survivors (2048K)
 Metaspace       used 28932K, committed 29312K, reserved 1114112K
  class space    used 3346K, committed 3520K, reserved 1048576K
}
Event: 12.800 GC heap after
{Heap after GC invocations=12 (full 0):
 garbage-first heap   total 104448K, used 56204K [0x0000000704a00000, 0x0000000800000000)
  region size 2048K, 2 young (4096K), 2 survivors (4096K)
 Metaspace       used 28932K, committed 29312K, reserved 1114112K
  class space    used 3346K, committed 3520K, reserved 1048576K
}
Event: 13.472 GC heap before
{Heap before GC invocations=12 (full 0):
 garbage-first heap   total 104448K, used 74636K [0x0000000704a00000, 0x0000000800000000)
  region size 2048K, 12 young (24576K), 2 survivors (4096K)
 Metaspace       used 31185K, committed 31552K, reserved 1114112K
  class space    used 3585K, committed 3712K, reserved 1048576K
}
Event: 13.479 GC heap after
{Heap after GC invocations=13 (full 0):
 garbage-first heap   total 104448K, used 57456K [0x0000000704a00000, 0x0000000800000000)
  region size 2048K, 2 young (4096K), 2 survivors (4096K)
 Metaspace       used 31185K, committed 31552K, reserved 1114112K
  class space    used 3585K, committed 3712K, reserved 1048576K
}

