# JRE version: OpenJDK Runtime Environment Temurin-17.0.8.1+1 (17.0.8.1+1) (build 17.0.8.1+1)
# Java VM: OpenJDK 64-Bit Server VM Temurin-17.0.8.1+1 (17.0.8.1+1, mixed mode, tiered, compressed oops, compressed class ptrs, g1 gc, windows-amd64)
GC Precious Log:
 CPUs: 12 total, 12 available
 Memory: 16083M
 Large Page Support: Disabled
 NUMA Support: Disabled
 Compressed Oops: Enabled (Zero based)
 Heap Region Size: 2M
 Heap Min Capacity: 8M
 Heap Initial Capacity: 252M
 Heap Max Capacity: 4022M
 Pre-touch: Disabled
 Parallel Workers: 10
 Concurrent Workers: 3
 Concurrent Refinement Workers: 10
 Periodic GC: Disabled
Heap:
 garbage-first heap   total 137216K, used 60454K [0x0000000704a00000, 0x0000000800000000)
  region size 2048K, 2 young (4096K), 2 survivors (4096K)
 Metaspace       used 63890K, committed 64448K, reserved 1114112K
  class space    used 7025K, committed 7296K, reserved 1048576K
GC Heap History (20 events):
Event: 12.623 GC heap after
{Heap after GC invocations=16 (full 0):
 garbage-first heap   total 110592K, used 34931K [0x0000000704a00000, 0x0000000800000000)
  region size 2048K, 1 young (2048K), 1 survivors (2048K)
 Metaspace       used 47717K, committed 48128K, reserved 1114112K
  class space    used 5194K, committed 5376K, reserved 1048576K
}
Event: 14.045 GC heap before
{Heap before GC invocations=16 (full 0):
 garbage-first heap   total 110592K, used 92275K [0x0000000704a00000, 0x0000000800000000)
  region size 2048K, 27 young (55296K), 1 survivors (2048K)
 Metaspace       used 55335K, committed 55808K, reserved 1114112K
  class space    used 6080K, committed 6336K, reserved 1048576K
}
Event: 14.060 GC heap after
{Heap after GC invocations=17 (full 0):
 garbage-first heap   total 110592K, used 46959K [0x0000000704a00000, 0x0000000800000000)
  region size 2048K, 4 young (8192K), 4 survivors (8192K)
 Metaspace       used 55335K, committed 55808K, reserved 1114112K
  class space    used 6080K, committed 6336K, reserved 1048576K
}
Event: 14.944 GC heap before
{Heap before GC invocations=17 (full 0):
 garbage-first heap   total 110592K, used 83823K [0x0000000704a00000, 0x0000000800000000)
  region size 2048K, 22 young (45056K), 4 survivors (8192K)
 Metaspace       used 56039K, committed 56512K, reserved 1114112K
  class space    used 6150K, committed 6400K, reserved 1048576K
}
Event: 14.962 GC heap after
{Heap after GC invocations=18 (full 0):
 garbage-first heap   total 110592K, used 56715K [0x0000000704a00000, 0x0000000800000000)
  region size 2048K, 3 young (6144K), 3 survivors (6144K)
 Metaspace       used 56039K, committed 56512K, reserved 1114112K
  class space    used 6150K, committed 6400K, reserved 1048576K
}
Event: 15.262 GC heap before
{Heap before GC invocations=18 (full 0):
 garbage-first heap   total 110592K, used 79243K [0x0000000704a00000, 0x0000000800000000)
  region size 2048K, 15 young (30720K), 3 survivors (6144K)
 Metaspace       used 56534K, committed 56960K, reserved 1114112K
  class space    used 6190K, committed 6400K, reserved 1048576K
}
Event: 15.275 GC heap after
{Heap after GC invocations=19 (full 0):
 garbage-first heap   total 133120K, used 61344K [0x0000000704a00000, 0x0000000800000000)
  region size 2048K, 2 young (4096K), 2 survivors (4096K)
 Metaspace       used 56534K, committed 56960K, reserved 1114112K
  class space    used 6190K, committed 6400K, reserved 1048576K
}
Event: 15.941 GC heap before
{Heap before GC invocations=20 (full 0):
 garbage-first heap   total 133120K, used 96160K [0x0000000704a00000, 0x0000000800000000)
  region size 2048K, 20 young (40960K), 2 survivors (4096K)
 Metaspace       used 58168K, committed 58624K, reserved 1114112K
  class space    used 6370K, committed 6592K, reserved 1048576K
}
Event: 15.949 GC heap after
{Heap after GC invocations=21 (full 0):
 garbage-first heap   total 133120K, used 62840K [0x0000000704a00000, 0x0000000800000000)
  region size 2048K, 2 young (4096K), 2 survivors (4096K)
 Metaspace       used 58168K, committed 58624K, reserved 1114112K
  class space    used 6370K, committed 6592K, reserved 1048576K
}
Event: 16.450 GC heap before
{Heap before GC invocations=21 (full 0):
 garbage-first heap   total 133120K, used 85368K [0x0000000704a00000, 0x0000000800000000)
  region size 2048K, 14 young (28672K), 2 survivors (4096K)
 Metaspace       used 58652K, committed 59136K, reserved 1114112K
  class space    used 6372K, committed 6592K, reserved 1048576K
}
Event: 16.460 GC heap after
{Heap after GC invocations=22 (full 0):
 garbage-first heap   total 133120K, used 63054K [0x0000000704a00000, 0x0000000800000000)
  region size 2048K, 2 young (4096K), 2 survivors (4096K)
 Metaspace       used 58652K, committed 59136K, reserved 1114112K
  class space    used 6372K, committed 6592K, reserved 1048576K
}
Event: 17.423 GC heap before
{Heap before GC invocations=23 (full 0):
 garbage-first heap   total 133120K, used 104014K [0x0000000704a00000, 0x0000000800000000)
  region size 2048K, 21 young (43008K), 2 survivors (4096K)
 Metaspace       used 59396K, committed 59904K, reserved 1114112K
  class space    used 6432K, committed 6656K, reserved 1048576K
}
Event: 17.433 GC heap after
{Heap after GC invocations=24 (full 0):
 garbage-first heap   total 133120K, used 66693K [0x0000000704a00000, 0x0000000800000000)
  region size 2048K, 2 young (4096K), 2 survivors (4096K)
 Metaspace       used 59396K, committed 59904K, reserved 1114112K
  class space    used 6432K, committed 6656K, reserved 1048576K
}
Event: 18.132 GC heap before
{Heap before GC invocations=24 (full 0):
 garbage-first heap   total 133120K, used 101509K [0x0000000704a00000, 0x0000000800000000)
  region size 2048K, 19 young (38912K), 2 survivors (4096K)
 Metaspace       used 61218K, committed 61760K, reserved 1114112K
  class space    used 6675K, committed 6912K, reserved 1048576K
}
Event: 18.138 GC heap after
{Heap after GC invocations=25 (full 0):
 garbage-first heap   total 133120K, used 68514K [0x0000000704a00000, 0x0000000800000000)
  region size 2048K, 2 young (4096K), 2 survivors (4096K)
 Metaspace       used 61218K, committed 61760K, reserved 1114112K
  class space    used 6675K, committed 6912K, reserved 1048576K
}
Event: 18.762 GC heap before
{Heap before GC invocations=26 (full 0):
 garbage-first heap   total 133120K, used 103330K [0x0000000704a00000, 0x0000000800000000)
  region size 2048K, 20 young (40960K), 2 survivors (4096K)
 Metaspace       used 62360K, committed 62912K, reserved 1114112K
  class space    used 6804K, committed 7040K, reserved 1048576K
}
Event: 18.768 GC heap after
{Heap after GC invocations=27 (full 0):
 garbage-first heap   total 133120K, used 69382K [0x0000000704a00000, 0x0000000800000000)
  region size 2048K, 2 young (4096K), 2 survivors (4096K)
 Metaspace       used 62360K, committed 62912K, reserved 1114112K
  class space    used 6804K, committed 7040K, reserved 1048576K
}
Event: 18.790 GC heap before
{Heap before GC invocations=27 (full 0):
 garbage-first heap   total 133120K, used 71430K [0x0000000704a00000, 0x0000000800000000)
  region size 2048K, 3 young (6144K), 2 survivors (4096K)
 Metaspace       used 62361K, committed 62912K, reserved 1114112K
  class space    used 6804K, committed 7040K, reserved 1048576K
}
Event: 18.799 GC heap after
{Heap after GC invocations=28 (full 0):
 garbage-first heap   total 133120K, used 59427K [0x0000000704a00000, 0x0000000800000000)
  region size 2048K, 1 young (2048K), 1 survivors (2048K)
 Metaspace       used 62361K, committed 62912K, reserved 1114112K
  class space    used 6804K, committed 7040K, reserved 1048576K
}
Event: 19.452 GC heap before
{Heap before GC invocations=28 (full 0):
 garbage-first heap   total 133120K, used 104483K [0x0000000704a00000, 0x0000000800000000)
  region size 2048K, 24 young (49152K), 1 survivors (2048K)
 Metaspace       used 63890K, committed 64448K, reserved 1114112K
  class space    used 7025K, committed 7296K, reserved 1048576K
}

