# JRE version: OpenJDK Runtime Environment Temurin-17.0.8.1+1 (17.0.8.1+1) (build 17.0.8.1+1)
# Java VM: OpenJDK 64-Bit Server VM Temurin-17.0.8.1+1 (17.0.8.1+1, mixed mode, tiered, compressed oops, compressed class ptrs, g1 gc, windows-amd64)
GC Precious Log:
 CPUs: 12 total, 12 available
 Memory: 16083M
 Large Page Support: Disabled
 NUMA Support: Disabled
 Compressed Oops: Enabled (Zero based)
 Heap Region Size: 2M
 Heap Min Capacity: 8M
 Heap Initial Capacity: 252M
 Heap Max Capacity: 4022M
 Pre-touch: Disabled
 Parallel Workers: 10
 Concurrent Workers: 3
 Concurrent Refinement Workers: 10
 Periodic GC: Disabled
Heap:
 garbage-first heap   total 139264K, used 59755K [0x0000000704a00000, 0x0000000800000000)
  region size 2048K, 2 young (4096K), 2 survivors (4096K)
 Metaspace       used 64006K, committed 64576K, reserved 1114112K
  class space    used 7026K, committed 7296K, reserved 1048576K
GC Heap History (20 events):
Event: 15.783 GC heap after
{Heap after GC invocations=17 (full 0):
 garbage-first heap   total 110592K, used 45623K [0x0000000704a00000, 0x0000000800000000)
  region size 2048K, 4 young (8192K), 4 survivors (8192K)
 Metaspace       used 54785K, committed 55232K, reserved 1114112K
  class space    used 6041K, committed 6272K, reserved 1048576K
}
Event: 16.660 GC heap before
{Heap before GC invocations=17 (full 0):
 garbage-first heap   total 110592K, used 82487K [0x0000000704a00000, 0x0000000800000000)
  region size 2048K, 22 young (45056K), 4 survivors (8192K)
 Metaspace       used 55955K, committed 56448K, reserved 1114112K
  class space    used 6123K, committed 6336K, reserved 1048576K
}
Event: 16.678 GC heap after
{Heap after GC invocations=18 (full 0):
 garbage-first heap   total 110592K, used 55649K [0x0000000704a00000, 0x0000000800000000)
  region size 2048K, 3 young (6144K), 3 survivors (6144K)
 Metaspace       used 55955K, committed 56448K, reserved 1114112K
  class space    used 6123K, committed 6336K, reserved 1048576K
}
Event: 16.997 GC heap before
{Heap before GC invocations=18 (full 0):
 garbage-first heap   total 110592K, used 82273K [0x0000000704a00000, 0x0000000800000000)
  region size 2048K, 16 young (32768K), 3 survivors (6144K)
 Metaspace       used 56630K, committed 57088K, reserved 1114112K
  class space    used 6191K, committed 6400K, reserved 1048576K
}
Event: 17.011 GC heap after
{Heap after GC invocations=19 (full 0):
 garbage-first heap   total 133120K, used 61045K [0x0000000704a00000, 0x0000000800000000)
  region size 2048K, 2 young (4096K), 2 survivors (4096K)
 Metaspace       used 56630K, committed 57088K, reserved 1114112K
  class space    used 6191K, committed 6400K, reserved 1048576K
}
Event: 17.674 GC heap before
{Heap before GC invocations=20 (full 0):
 garbage-first heap   total 133120K, used 95861K [0x0000000704a00000, 0x0000000800000000)
  region size 2048K, 20 young (40960K), 2 survivors (4096K)
 Metaspace       used 58259K, committed 58752K, reserved 1114112K
  class space    used 6369K, committed 6592K, reserved 1048576K
}
Event: 17.684 GC heap after
{Heap after GC invocations=21 (full 0):
 garbage-first heap   total 133120K, used 63417K [0x0000000704a00000, 0x0000000800000000)
  region size 2048K, 2 young (4096K), 2 survivors (4096K)
 Metaspace       used 58259K, committed 58752K, reserved 1114112K
  class space    used 6369K, committed 6592K, reserved 1048576K
}
Event: 18.272 GC heap before
{Heap before GC invocations=21 (full 0):
 garbage-first heap   total 133120K, used 87993K [0x0000000704a00000, 0x0000000800000000)
  region size 2048K, 15 young (30720K), 2 survivors (4096K)
 Metaspace       used 58792K, committed 59264K, reserved 1114112K
  class space    used 6374K, committed 6592K, reserved 1048576K
}
Event: 18.281 GC heap after
{Heap after GC invocations=22 (full 0):
 garbage-first heap   total 133120K, used 64352K [0x0000000704a00000, 0x0000000800000000)
  region size 2048K, 1 young (2048K), 1 survivors (2048K)
 Metaspace       used 58792K, committed 59264K, reserved 1114112K
  class space    used 6374K, committed 6592K, reserved 1048576K
}
Event: 19.272 GC heap before
{Heap before GC invocations=23 (full 0):
 garbage-first heap   total 133120K, used 103264K [0x0000000704a00000, 0x0000000800000000)
  region size 2048K, 19 young (38912K), 1 survivors (2048K)
 Metaspace       used 59524K, committed 60032K, reserved 1114112K
  class space    used 6433K, committed 6656K, reserved 1048576K
}
Event: 19.277 GC heap after
{Heap after GC invocations=24 (full 0):
 garbage-first heap   total 133120K, used 67830K [0x0000000704a00000, 0x0000000800000000)
  region size 2048K, 2 young (4096K), 2 survivors (4096K)
 Metaspace       used 59524K, committed 60032K, reserved 1114112K
  class space    used 6433K, committed 6656K, reserved 1048576K
}
Event: 19.888 GC heap before
{Heap before GC invocations=24 (full 0):
 garbage-first heap   total 133120K, used 102646K [0x0000000704a00000, 0x0000000800000000)
  region size 2048K, 19 young (38912K), 2 survivors (4096K)
 Metaspace       used 61093K, committed 61568K, reserved 1114112K
  class space    used 6645K, committed 6848K, reserved 1048576K
}
Event: 19.894 GC heap after
{Heap after GC invocations=25 (full 0):
 garbage-first heap   total 133120K, used 69453K [0x0000000704a00000, 0x0000000800000000)
  region size 2048K, 2 young (4096K), 2 survivors (4096K)
 Metaspace       used 61093K, committed 61568K, reserved 1114112K
  class space    used 6645K, committed 6848K, reserved 1048576K
}
Event: 20.509 GC heap before
{Heap before GC invocations=26 (full 0):
 garbage-first heap   total 133120K, used 104269K [0x0000000704a00000, 0x0000000800000000)
  region size 2048K, 20 young (40960K), 2 survivors (4096K)
 Metaspace       used 62465K, committed 62976K, reserved 1114112K
  class space    used 6806K, committed 7040K, reserved 1048576K
}
Event: 20.517 GC heap after
{Heap after GC invocations=27 (full 0):
 garbage-first heap   total 133120K, used 70332K [0x0000000704a00000, 0x0000000800000000)
  region size 2048K, 2 young (4096K), 2 survivors (4096K)
 Metaspace       used 62465K, committed 62976K, reserved 1114112K
  class space    used 6806K, committed 7040K, reserved 1048576K
}
Event: 20.567 GC heap before
{Heap before GC invocations=27 (full 0):
 garbage-first heap   total 133120K, used 72380K [0x0000000704a00000, 0x0000000800000000)
  region size 2048K, 3 young (6144K), 2 survivors (4096K)
 Metaspace       used 62469K, committed 62976K, reserved 1114112K
  class space    used 6806K, committed 7040K, reserved 1048576K
}
Event: 20.582 GC heap after
{Heap after GC invocations=28 (full 0):
 garbage-first heap   total 133120K, used 59256K [0x0000000704a00000, 0x0000000800000000)
  region size 2048K, 1 young (2048K), 1 survivors (2048K)
 Metaspace       used 62469K, committed 62976K, reserved 1114112K
  class space    used 6806K, committed 7040K, reserved 1048576K
}
Event: 20.659 GC heap before
{Heap before GC invocations=28 (full 0):
 garbage-first heap   total 133120K, used 63352K [0x0000000704a00000, 0x0000000800000000)
  region size 2048K, 3 young (6144K), 1 survivors (2048K)
 Metaspace       used 62469K, committed 62976K, reserved 1114112K
  class space    used 6806K, committed 7040K, reserved 1048576K
}
Event: 20.671 GC heap after
{Heap after GC invocations=29 (full 0):
 garbage-first heap   total 133120K, used 58546K [0x0000000704a00000, 0x0000000800000000)
  region size 2048K, 1 young (2048K), 1 survivors (2048K)
 Metaspace       used 62469K, committed 62976K, reserved 1114112K
  class space    used 6806K, committed 7040K, reserved 1048576K
}
Event: 21.579 GC heap before
{Heap before GC invocations=29 (full 0):
 garbage-first heap   total 133120K, used 103602K [0x0000000704a00000, 0x0000000800000000)
  region size 2048K, 24 young (49152K), 1 survivors (2048K)
 Metaspace       used 64006K, committed 64576K, reserved 1114112K
  class space    used 7026K, committed 7296K, reserved 1048576K
}

